<?xml version="1.0" encoding="UTF-8"?>
<testsuite xmlns:xsi="http://www.w3.org/2001/XMLSchema-instance" xsi:noNamespaceSchemaLocation="https://maven.apache.org/surefire/maven-surefire-plugin/xsd/surefire-test-report.xsd" name="InvalidData_BookingTests" time="0.072" tests="3" errors="0" skipped="0" failures="0">
  <properties>
[...]
</properties>
  <testcase name="createBookingWithInvalidData" classname="InvalidData_BookingTests" time="0.008"/>
  <testcase name="InvalidEmail_ReturnFalse" classname="InvalidData_BookingTests" time="0.013"/>
  <testcase name="bookingDateInvalid_CheckInBeforeNow" classname="InvalidData_BookingTests" time="0.024"/>
</testsuite>